[INFO  - 2017-02-22T15:18:43.508Z] GhostDriver - Main - running on port 41841
[INFO  - 2017-02-22T15:18:43.850Z] Session [32cde260-f912-11e6-9155-adf7cc8c474c] - page.settings - {"XSSAuditingEnabled":false,"javascriptCanCloseWindows":true,"javascriptCanOpenWindows":true,"javascriptEnabled":true,"loadImages":true,"localToRemoteUrlAccessEnabled":false,"userAgent":"Mozilla/5.0 (Macintosh; Intel Mac OS X) AppleWebKit/538.1 (KHTML, like Gecko) PhantomJS/2.1.1 Safari/538.1","webSecurityEnabled":true}
[INFO  - 2017-02-22T15:18:43.850Z] Session [32cde260-f912-11e6-9155-adf7cc8c474c] - page.customHeaders:  - {}
[INFO  - 2017-02-22T15:18:43.851Z] Session [32cde260-f912-11e6-9155-adf7cc8c474c] - Session.negotiatedCapabilities - {"browserName":"phantomjs","version":"2.1.1","driverName":"ghostdriver","driverVersion":"1.2.0","platform":"mac-unknown-64bit","javascriptEnabled":true,"takesScreenshot":true,"handlesAlerts":false,"databaseEnabled":false,"locationContextEnabled":false,"applicationCacheEnabled":false,"browserConnectionEnabled":false,"cssSelectorsEnabled":true,"webStorageEnabled":false,"rotatable":false,"acceptSslCerts":false,"nativeEvents":true,"proxy":{"proxyType":"direct"}}
[INFO  - 2017-02-22T15:18:43.851Z] SessionManagerReqHand - _postNewSessionCommand - New Session Created: 32cde260-f912-11e6-9155-adf7cc8c474c
[INFO  - 2017-02-22T15:18:52.979Z] ShutdownReqHand - _handle - About to shutdown
[INFO  - 2017-02-22T15:28:55.909Z] GhostDriver - Main - running on port 7453
[INFO  - 2017-02-22T15:28:56.254Z] Session [9fd378b0-f913-11e6-994c-99ee0316ddbf] - page.settings - {"XSSAuditingEnabled":false,"javascriptCanCloseWindows":true,"javascriptCanOpenWindows":true,"javascriptEnabled":true,"loadImages":true,"localToRemoteUrlAccessEnabled":false,"userAgent":"Mozilla/5.0 (Macintosh; Intel Mac OS X) AppleWebKit/538.1 (KHTML, like Gecko) PhantomJS/2.1.1 Safari/538.1","webSecurityEnabled":true}
[INFO  - 2017-02-22T15:28:56.254Z] Session [9fd378b0-f913-11e6-994c-99ee0316ddbf] - page.customHeaders:  - {}
[INFO  - 2017-02-22T15:28:56.254Z] Session [9fd378b0-f913-11e6-994c-99ee0316ddbf] - Session.negotiatedCapabilities - {"browserName":"phantomjs","version":"2.1.1","driverName":"ghostdriver","driverVersion":"1.2.0","platform":"mac-unknown-64bit","javascriptEnabled":true,"takesScreenshot":true,"handlesAlerts":false,"databaseEnabled":false,"locationContextEnabled":false,"applicationCacheEnabled":false,"browserConnectionEnabled":false,"cssSelectorsEnabled":true,"webStorageEnabled":false,"rotatable":false,"acceptSslCerts":false,"nativeEvents":true,"proxy":{"proxyType":"direct"}}
[INFO  - 2017-02-22T15:28:56.255Z] SessionManagerReqHand - _postNewSessionCommand - New Session Created: 9fd378b0-f913-11e6-994c-99ee0316ddbf
[INFO  - 2017-02-22T15:29:06.389Z] ShutdownReqHand - _handle - About to shutdown
[INFO  - 2017-02-22T15:29:29.235Z] GhostDriver - Main - running on port 4476
[INFO  - 2017-02-22T15:29:29.569Z] Session [b3aec8d0-f913-11e6-93aa-798d4bd41891] - page.settings - {"XSSAuditingEnabled":false,"javascriptCanCloseWindows":true,"javascriptCanOpenWindows":true,"javascriptEnabled":true,"loadImages":true,"localToRemoteUrlAccessEnabled":false,"userAgent":"Mozilla/5.0 (Macintosh; Intel Mac OS X) AppleWebKit/538.1 (KHTML, like Gecko) PhantomJS/2.1.1 Safari/538.1","webSecurityEnabled":true}
[INFO  - 2017-02-22T15:29:29.569Z] Session [b3aec8d0-f913-11e6-93aa-798d4bd41891] - page.customHeaders:  - {}
[INFO  - 2017-02-22T15:29:29.569Z] Session [b3aec8d0-f913-11e6-93aa-798d4bd41891] - Session.negotiatedCapabilities - {"browserName":"phantomjs","version":"2.1.1","driverName":"ghostdriver","driverVersion":"1.2.0","platform":"mac-unknown-64bit","javascriptEnabled":true,"takesScreenshot":true,"handlesAlerts":false,"databaseEnabled":false,"locationContextEnabled":false,"applicationCacheEnabled":false,"browserConnectionEnabled":false,"cssSelectorsEnabled":true,"webStorageEnabled":false,"rotatable":false,"acceptSslCerts":false,"nativeEvents":true,"proxy":{"proxyType":"direct"}}
[INFO  - 2017-02-22T15:29:29.569Z] SessionManagerReqHand - _postNewSessionCommand - New Session Created: b3aec8d0-f913-11e6-93aa-798d4bd41891
[INFO  - 2017-02-22T15:29:38.747Z] ShutdownReqHand - _handle - About to shutdown
[INFO  - 2017-02-22T15:42:46.752Z] GhostDriver - Main - running on port 5208
[INFO  - 2017-02-22T15:42:47.095Z] Session [8f0b9830-f915-11e6-ba9b-91652a15ee16] - page.settings - {"XSSAuditingEnabled":false,"javascriptCanCloseWindows":true,"javascriptCanOpenWindows":true,"javascriptEnabled":true,"loadImages":true,"localToRemoteUrlAccessEnabled":false,"userAgent":"Mozilla/5.0 (Macintosh; Intel Mac OS X) AppleWebKit/538.1 (KHTML, like Gecko) PhantomJS/2.1.1 Safari/538.1","webSecurityEnabled":true}
[INFO  - 2017-02-22T15:42:47.095Z] Session [8f0b9830-f915-11e6-ba9b-91652a15ee16] - page.customHeaders:  - {}
[INFO  - 2017-02-22T15:42:47.095Z] Session [8f0b9830-f915-11e6-ba9b-91652a15ee16] - Session.negotiatedCapabilities - {"browserName":"phantomjs","version":"2.1.1","driverName":"ghostdriver","driverVersion":"1.2.0","platform":"mac-unknown-64bit","javascriptEnabled":true,"takesScreenshot":true,"handlesAlerts":false,"databaseEnabled":false,"locationContextEnabled":false,"applicationCacheEnabled":false,"browserConnectionEnabled":false,"cssSelectorsEnabled":true,"webStorageEnabled":false,"rotatable":false,"acceptSslCerts":false,"nativeEvents":true,"proxy":{"proxyType":"direct"}}
[INFO  - 2017-02-22T15:42:47.095Z] SessionManagerReqHand - _postNewSessionCommand - New Session Created: 8f0b9830-f915-11e6-ba9b-91652a15ee16
[INFO  - 2017-02-22T15:42:56.273Z] ShutdownReqHand - _handle - About to shutdown
